<?xml version="1.0" encoding="UTF-8"?>
<testng-results ignored="0" total="2" passed="2" failed="0" skipped="0">
  <reporter-output>
  </reporter-output>
  <suite started-at="2024-08-26T18:12:14 IST" name="Default suite" finished-at="2024-08-26T18:12:14 IST" duration-ms="120">
    <groups>
    </groups>
    <test started-at="2024-08-26T18:12:14 IST" name="Default test" finished-at="2024-08-26T18:12:14 IST" duration-ms="120">
      <class name="com.TestNG.TestNG">
        <test-method is-config="true" signature="beforeClass()[pri:0, instance:com.TestNG.TestNG@71a8adcf]" started-at="2024-08-26T18:12:14 IST" name="beforeClass" finished-at="2024-08-26T18:12:14 IST" duration-ms="14" status="PASS">
          <reporter-output>
          </reporter-output>
        </test-method> <!-- beforeClass -->
        <test-method is-config="true" signature="beforeMethod()[pri:0, instance:com.TestNG.TestNG@71a8adcf]" started-at="2024-08-26T18:12:14 IST" name="beforeMethod" finished-at="2024-08-26T18:12:14 IST" duration-ms="0" status="PASS">
          <reporter-output>
          </reporter-output>
        </test-method> <!-- beforeMethod -->
        <test-method signature="testHello1()[pri:0, instance:com.TestNG.TestNG@71a8adcf]" started-at="2024-08-26T18:12:14 IST" name="testHello1" finished-at="2024-08-26T18:12:14 IST" duration-ms="20" status="PASS">
          <reporter-output>
          </reporter-output>
        </test-method> <!-- testHello1 -->
        <test-method is-config="true" signature="afterMethod()[pri:0, instance:com.TestNG.TestNG@71a8adcf]" started-at="2024-08-26T18:12:14 IST" name="afterMethod" finished-at="2024-08-26T18:12:14 IST" duration-ms="1" status="PASS">
          <reporter-output>
          </reporter-output>
        </test-method> <!-- afterMethod -->
        <test-method is-config="true" signature="beforeMethod()[pri:0, instance:com.TestNG.TestNG@71a8adcf]" started-at="2024-08-26T18:12:14 IST" name="beforeMethod" finished-at="2024-08-26T18:12:14 IST" duration-ms="1" status="PASS">
          <reporter-output>
          </reporter-output>
        </test-method> <!-- beforeMethod -->
        <test-method signature="testHello2()[pri:0, instance:com.TestNG.TestNG@71a8adcf]" started-at="2024-08-26T18:12:14 IST" name="testHello2" finished-at="2024-08-26T18:12:14 IST" duration-ms="3" status="PASS">
          <reporter-output>
          </reporter-output>
        </test-method> <!-- testHello2 -->
        <test-method is-config="true" signature="afterMethod()[pri:0, instance:com.TestNG.TestNG@71a8adcf]" started-at="2024-08-26T18:12:14 IST" name="afterMethod" finished-at="2024-08-26T18:12:14 IST" duration-ms="1" status="PASS">
          <reporter-output>
          </reporter-output>
        </test-method> <!-- afterMethod -->
        <test-method is-config="true" signature="afterClass()[pri:0, instance:com.TestNG.TestNG@71a8adcf]" started-at="2024-08-26T18:12:14 IST" name="afterClass" finished-at="2024-08-26T18:12:14 IST" duration-ms="2" status="PASS">
          <reporter-output>
          </reporter-output>
        </test-method> <!-- afterClass -->
      </class> <!-- com.TestNG.TestNG -->
    </test> <!-- Default test -->
  </suite> <!-- Default suite -->
</testng-results>
